<?xml version="1.0" encoding="UTF-8"?>
<!-- Generated by org.testng.reporters.JUnitReportReporter -->
<testsuite hostname="LAPTOP-34KBHEDN" failures="0" tests="1" name="DemoPac.Demo11" time="0.000" errors="0" timestamp="2021-10-11T19:51:30 IST" skipped="0">
  <testcase classname="DemoPac.Demo11" name="Demo3" time="0.000"/>
  <system-out/>
</testsuite> <!-- DemoPac.Demo11 -->
