<?xml version="1.0" encoding="UTF-8"?>
<!-- Generated by org.testng.reporters.JUnitReportReporter -->
<testsuite hostname="LAPTOP-34KBHEDN" failures="0" tests="2" name="DemoPac.Demo" time="0.007" errors="0" timestamp="2021-10-11T19:51:30 IST" skipped="0">
  <testcase classname="DemoPac.Demo" name="Demo2" time="0.001"/>
  <system-out/>
  <testcase classname="DemoPac.Demo" name="Demo1" time="0.006"/>
  <system-out/>
</testsuite> <!-- DemoPac.Demo -->
