<?xml version="1.0" encoding="UTF-8"?>
<!-- Generated by org.testng.reporters.JUnitReportReporter -->
<testsuite hostname="LAPTOP-34KBHEDN" failures="0" tests="3" name="demoPac.day4" time="0.002" errors="0" timestamp="2021-10-13T17:13:46 IST" skipped="0">
  <testcase classname="demoPac.day4" name="MobileLogInHomeLoan" time="0.001"/>
  <system-out/>
  <testcase classname="demoPac.day4" name="WebLogInHomeLoan" time="0.000"/>
  <system-out/>
  <testcase classname="demoPac.day4" name="ApiLogInHomeLoan" time="0.001"/>
  <system-out/>
</testsuite> <!-- demoPac.day4 -->
