<?xml version="1.0" encoding="UTF-8"?>
<!-- Generated by org.testng.reporters.JUnitReportReporter -->
<testsuite hostname="LAPTOP-34KBHEDN" failures="0" tests="1" name="demoPac.day2" time="0.002" errors="0" timestamp="2021-10-13T17:13:46 IST" skipped="0">
  <testcase classname="demoPac.day2" name="Demo3" time="0.002"/>
  <system-out/>
</testsuite> <!-- demoPac.day2 -->
