<?xml version="1.0" encoding="UTF-8"?>
<!-- Generated by org.testng.reporters.JUnitReportReporter -->
<testsuite hostname="LAPTOP-34KBHEDN" failures="0" tests="6" name="demoPac.day3" time="0.008" errors="0" timestamp="2021-10-13T17:13:46 IST" skipped="1">
  <testcase classname="demoPac.day3" name="WebLogInCarLoan" time="0.001"/>
  <system-out/>
  <testcase classname="demoPac.day3" name="MobileSignOutCarLoan" time="0.002"/>
  <system-out/>
  <testcase classname="demoPac.day3" name="MobileSignOutCarLoan" time="0.003"/>
  <system-out/>
  <testcase classname="demoPac.day3" name="MobileLogInCarLoan" time="0.001"/>
  <system-out/>
  <testcase classname="demoPac.day3" name="MobileSignOutCarLoan" time="0.001"/>
  <system-out/>
  <testcase classname="demoPac.day3" name="MobileSignInCarLoan">
    <skipped/>
  </testcase> <!-- MobileSignInCarLoan -->
  <system-out/>
</testsuite> <!-- demoPac.day3 -->
